2026-04-07 09:11:19,266 INFO o.a.j.u.JMeterUtils: Setting Locale to en_EN
2026-04-07 09:11:19,290 INFO o.a.j.JMeter: Loading user properties from: C:\apache-jmeter-5.6.3\bin\user.properties
2026-04-07 09:11:19,291 INFO o.a.j.JMeter: Loading system properties from: C:\apache-jmeter-5.6.3\bin\system.properties
2026-04-07 09:11:19,297 INFO o.a.j.JMeter: Copyright (c) 1998-2024 The Apache Software Foundation
2026-04-07 09:11:19,298 INFO o.a.j.JMeter: Version 5.6.3
2026-04-07 09:11:19,298 INFO o.a.j.JMeter: java.version=11.0.29
2026-04-07 09:11:19,298 INFO o.a.j.JMeter: java.vm.name=Java HotSpot(TM) 64-Bit Server VM
2026-04-07 09:11:19,298 INFO o.a.j.JMeter: os.name=Windows 10
2026-04-07 09:11:19,298 INFO o.a.j.JMeter: os.arch=amd64
2026-04-07 09:11:19,299 INFO o.a.j.JMeter: os.version=10.0
2026-04-07 09:11:19,299 INFO o.a.j.JMeter: file.encoding=Cp1252
2026-04-07 09:11:19,299 INFO o.a.j.JMeter: java.awt.headless=null
2026-04-07 09:11:19,299 INFO o.a.j.JMeter: Max memory     =1073741824
2026-04-07 09:11:19,299 INFO o.a.j.JMeter: Available Processors =4
2026-04-07 09:11:19,310 INFO o.a.j.JMeter: Default Locale=English (EN)
2026-04-07 09:11:19,311 INFO o.a.j.JMeter: JMeter  Locale=English (EN)
2026-04-07 09:11:19,311 INFO o.a.j.JMeter: JMeterHome=C:\apache-jmeter-5.6.3
2026-04-07 09:11:19,311 INFO o.a.j.JMeter: user.dir  =C:\Users\Administrator\Documents\IBM_FullStack\Banking_CAPSTONE
2026-04-07 09:11:19,311 INFO o.a.j.JMeter: PWD       =C:\Users\Administrator\Documents\IBM_FullStack\Banking_CAPSTONE
2026-04-07 09:11:19,314 INFO o.a.j.JMeter: IP: 172.19.11.229 Name: a78b0ad897825be FullName: 172.19.11.229
2026-04-07 09:11:19,340 INFO o.a.j.JMeter: Loaded icon properties from org/apache/jmeter/images/icon.properties
2026-04-07 09:11:19,579 INFO o.a.j.JMeterGuiLauncher: Setting LAF to: com.github.weisj.darklaf.DarkLaf:com.github.weisj.darklaf.theme.DarculaTheme
2026-04-07 09:11:40,180 INFO o.a.j.p.h.s.HTTPSamplerBase: Parser for text/html is org.apache.jmeter.protocol.http.parser.LagartoBasedHtmlParser
2026-04-07 09:11:40,181 INFO o.a.j.p.h.s.HTTPSamplerBase: Parser for application/xhtml+xml is org.apache.jmeter.protocol.http.parser.LagartoBasedHtmlParser
2026-04-07 09:11:40,181 INFO o.a.j.p.h.s.HTTPSamplerBase: Parser for application/xml is org.apache.jmeter.protocol.http.parser.LagartoBasedHtmlParser
2026-04-07 09:11:40,181 INFO o.a.j.p.h.s.HTTPSamplerBase: Parser for text/xml is org.apache.jmeter.protocol.http.parser.LagartoBasedHtmlParser
2026-04-07 09:11:40,181 INFO o.a.j.p.h.s.HTTPSamplerBase: Parser for text/vnd.wap.wml is org.apache.jmeter.protocol.http.parser.RegexpHTMLParser
2026-04-07 09:11:40,182 INFO o.a.j.p.h.s.HTTPSamplerBase: Parser for text/css is org.apache.jmeter.protocol.http.parser.CssParser
2026-04-07 09:13:29,626 INFO o.a.j.e.StandardJMeterEngine: Running the test!
2026-04-07 09:13:29,628 INFO o.a.j.s.SampleEvent: List of sample_variables: []
2026-04-07 09:13:29,628 INFO o.a.j.s.SampleEvent: List of sample_variables: []
2026-04-07 09:13:29,632 INFO o.a.j.e.u.CompoundVariable: Note: Function class names must contain the string: '.functions.'
2026-04-07 09:13:29,632 INFO o.a.j.e.u.CompoundVariable: Note: Function class names must not contain the string: '.gui.'
2026-04-07 09:13:30,005 INFO o.a.j.g.u.JMeterMenuBar: setRunning(true, *local*)
2026-04-07 09:13:30,020 INFO o.a.j.e.StandardJMeterEngine: Starting ThreadGroup: 1 : Thread Group
2026-04-07 09:13:30,020 INFO o.a.j.e.StandardJMeterEngine: Starting 10 threads for group Thread Group.
2026-04-07 09:13:30,020 INFO o.a.j.e.StandardJMeterEngine: Thread will continue on error
2026-04-07 09:13:30,021 INFO o.a.j.t.ThreadGroup: Starting thread group... number=1 threads=10 ramp-up=1 delayedStart=false
2026-04-07 09:13:30,027 INFO o.a.j.t.JMeterThread: Thread started: Thread Group 1-1
2026-04-07 09:13:30,037 INFO o.a.j.t.ThreadGroup: Started thread group number 1
2026-04-07 09:13:30,037 INFO o.a.j.e.StandardJMeterEngine: All thread groups have been started
2026-04-07 09:13:30,057 INFO o.a.j.p.h.s.HTTPHCAbstractImpl: Local host = a78b0ad897825be
2026-04-07 09:13:30,068 INFO o.a.j.p.h.s.HTTPHC4Impl: HTTP request retry count = 0
2026-04-07 09:13:30,070 INFO o.a.j.s.SampleResult: Note: Sample TimeStamps are START times
2026-04-07 09:13:30,070 INFO o.a.j.s.SampleResult: sampleresult.default.encoding is set to UTF-8
2026-04-07 09:13:30,070 INFO o.a.j.s.SampleResult: sampleresult.useNanoTime=true
2026-04-07 09:13:30,071 INFO o.a.j.s.SampleResult: sampleresult.nanoThreadSleep=5000
2026-04-07 09:13:30,134 INFO o.a.j.t.JMeterThread: Thread started: Thread Group 1-2
2026-04-07 09:13:30,234 INFO o.a.j.t.JMeterThread: Thread started: Thread Group 1-3
2026-04-07 09:13:30,317 INFO o.a.j.t.JMeterThread: Thread is done: Thread Group 1-2
2026-04-07 09:13:30,317 INFO o.a.j.t.JMeterThread: Thread finished: Thread Group 1-2
2026-04-07 09:13:30,321 INFO o.a.j.t.JMeterThread: Thread is done: Thread Group 1-1
2026-04-07 09:13:30,321 INFO o.a.j.t.JMeterThread: Thread finished: Thread Group 1-1
2026-04-07 09:13:30,328 INFO o.a.j.t.JMeterThread: Thread is done: Thread Group 1-3
2026-04-07 09:13:30,328 INFO o.a.j.t.JMeterThread: Thread finished: Thread Group 1-3
2026-04-07 09:13:30,332 INFO o.a.j.t.JMeterThread: Thread started: Thread Group 1-4
2026-04-07 09:13:30,351 INFO o.a.j.t.JMeterThread: Thread is done: Thread Group 1-4
2026-04-07 09:13:30,351 INFO o.a.j.t.JMeterThread: Thread finished: Thread Group 1-4
2026-04-07 09:13:30,431 INFO o.a.j.t.JMeterThread: Thread started: Thread Group 1-5
2026-04-07 09:13:30,445 INFO o.a.j.t.JMeterThread: Thread is done: Thread Group 1-5
2026-04-07 09:13:30,445 INFO o.a.j.t.JMeterThread: Thread finished: Thread Group 1-5
2026-04-07 09:13:30,533 INFO o.a.j.t.JMeterThread: Thread started: Thread Group 1-6
2026-04-07 09:13:30,546 INFO o.a.j.t.JMeterThread: Thread is done: Thread Group 1-6
2026-04-07 09:13:30,546 INFO o.a.j.t.JMeterThread: Thread finished: Thread Group 1-6
2026-04-07 09:13:30,631 INFO o.a.j.t.JMeterThread: Thread started: Thread Group 1-7
2026-04-07 09:13:30,644 INFO o.a.j.t.JMeterThread: Thread is done: Thread Group 1-7
2026-04-07 09:13:30,645 INFO o.a.j.t.JMeterThread: Thread finished: Thread Group 1-7
2026-04-07 09:13:30,730 INFO o.a.j.t.JMeterThread: Thread started: Thread Group 1-8
2026-04-07 09:13:30,742 INFO o.a.j.t.JMeterThread: Thread is done: Thread Group 1-8
2026-04-07 09:13:30,743 INFO o.a.j.t.JMeterThread: Thread finished: Thread Group 1-8
2026-04-07 09:13:30,828 INFO o.a.j.t.JMeterThread: Thread started: Thread Group 1-9
2026-04-07 09:13:30,846 INFO o.a.j.t.JMeterThread: Thread is done: Thread Group 1-9
2026-04-07 09:13:30,846 INFO o.a.j.t.JMeterThread: Thread finished: Thread Group 1-9
2026-04-07 09:13:30,929 INFO o.a.j.t.JMeterThread: Thread started: Thread Group 1-10
2026-04-07 09:13:30,947 INFO o.a.j.t.JMeterThread: Thread is done: Thread Group 1-10
2026-04-07 09:13:30,948 INFO o.a.j.t.JMeterThread: Thread finished: Thread Group 1-10
2026-04-07 09:13:30,948 INFO o.a.j.e.StandardJMeterEngine: Notifying test listeners of end of test
2026-04-07 09:13:30,951 INFO o.a.j.s.FileServer: Default base='C:\Users\Administrator\Documents\IBM_FullStack\Banking_CAPSTONE'
2026-04-07 09:13:30,952 INFO o.a.j.g.u.JMeterMenuBar: setRunning(false, *local*)
2026-04-07 09:16:58,833 INFO o.a.j.s.FileServer: Set new base='C:\Users\Administrator\Documents\IBM_FullStack\Banking_CAPSTONE'
2026-04-07 09:16:59,607 INFO o.a.j.s.SaveService: Testplan (JMX) version: 2.2. Testlog (JTL) version: 2.2
2026-04-07 09:16:59,665 INFO o.a.j.s.SaveService: Using SaveService properties version 5.0
2026-04-07 09:16:59,668 INFO o.a.j.s.SaveService: Using SaveService properties file encoding UTF-8
2026-04-07 09:16:59,704 INFO o.a.j.e.StandardJMeterEngine: Running the test!
2026-04-07 09:16:59,705 INFO o.a.j.s.SampleEvent: List of sample_variables: []
2026-04-07 09:16:59,712 INFO o.a.j.g.u.JMeterMenuBar: setRunning(true, *local*)
2026-04-07 09:16:59,827 INFO o.a.j.e.StandardJMeterEngine: Starting ThreadGroup: 1 : Thread Group
2026-04-07 09:16:59,828 INFO o.a.j.e.StandardJMeterEngine: Starting 10 threads for group Thread Group.
2026-04-07 09:16:59,828 INFO o.a.j.e.StandardJMeterEngine: Thread will continue on error
2026-04-07 09:16:59,829 INFO o.a.j.t.ThreadGroup: Starting thread group... number=1 threads=10 ramp-up=1 delayedStart=false
2026-04-07 09:16:59,835 INFO o.a.j.t.ThreadGroup: Started thread group number 1
2026-04-07 09:16:59,835 INFO o.a.j.e.StandardJMeterEngine: All thread groups have been started
2026-04-07 09:16:59,847 INFO o.a.j.t.JMeterThread: Thread started: Thread Group 1-1
2026-04-07 09:16:59,945 INFO o.a.j.t.JMeterThread: Thread started: Thread Group 1-2
2026-04-07 09:17:00,056 INFO o.a.j.t.JMeterThread: Thread started: Thread Group 1-3
2026-04-07 09:17:00,154 INFO o.a.j.t.JMeterThread: Thread started: Thread Group 1-4
2026-04-07 09:17:00,255 INFO o.a.j.t.JMeterThread: Thread started: Thread Group 1-5
2026-04-07 09:17:00,357 INFO o.a.j.t.JMeterThread: Thread started: Thread Group 1-6
2026-04-07 09:17:00,457 INFO o.a.j.t.JMeterThread: Thread started: Thread Group 1-7
2026-04-07 09:17:00,557 INFO o.a.j.t.JMeterThread: Thread started: Thread Group 1-8
2026-04-07 09:17:00,656 INFO o.a.j.t.JMeterThread: Thread started: Thread Group 1-9
2026-04-07 09:17:00,756 INFO o.a.j.t.JMeterThread: Thread started: Thread Group 1-10
2026-04-07 09:17:08,299 INFO o.a.j.t.JMeterThread: Thread is done: Thread Group 1-3
2026-04-07 09:17:08,299 INFO o.a.j.t.JMeterThread: Thread finished: Thread Group 1-3
2026-04-07 09:17:09,175 INFO o.a.j.t.JMeterThread: Thread is done: Thread Group 1-7
2026-04-07 09:17:09,175 INFO o.a.j.t.JMeterThread: Thread finished: Thread Group 1-7
2026-04-07 09:17:09,178 INFO o.a.j.t.JMeterThread: Thread is done: Thread Group 1-2
2026-04-07 09:17:09,178 INFO o.a.j.t.JMeterThread: Thread finished: Thread Group 1-2
2026-04-07 09:17:09,978 INFO o.a.j.t.JMeterThread: Thread is done: Thread Group 1-1
2026-04-07 09:17:09,978 INFO o.a.j.t.JMeterThread: Thread finished: Thread Group 1-1
2026-04-07 09:17:09,979 INFO o.a.j.t.JMeterThread: Thread is done: Thread Group 1-9
2026-04-07 09:17:09,979 INFO o.a.j.t.JMeterThread: Thread finished: Thread Group 1-9
2026-04-07 09:17:10,539 INFO o.a.j.t.JMeterThread: Thread is done: Thread Group 1-6
2026-04-07 09:17:10,539 INFO o.a.j.t.JMeterThread: Thread finished: Thread Group 1-6
2026-04-07 09:17:10,541 INFO o.a.j.t.JMeterThread: Thread is done: Thread Group 1-8
2026-04-07 09:17:10,541 INFO o.a.j.t.JMeterThread: Thread finished: Thread Group 1-8
2026-04-07 09:17:10,884 INFO o.a.j.t.JMeterThread: Thread is done: Thread Group 1-10
2026-04-07 09:17:10,884 INFO o.a.j.t.JMeterThread: Thread finished: Thread Group 1-10
2026-04-07 09:17:11,143 INFO o.a.j.t.JMeterThread: Thread is done: Thread Group 1-5
2026-04-07 09:17:11,144 INFO o.a.j.t.JMeterThread: Thread finished: Thread Group 1-5
2026-04-07 09:17:11,144 INFO o.a.j.t.JMeterThread: Thread is done: Thread Group 1-4
2026-04-07 09:17:11,145 INFO o.a.j.t.JMeterThread: Thread finished: Thread Group 1-4
2026-04-07 09:17:11,146 INFO o.a.j.e.StandardJMeterEngine: Notifying test listeners of end of test
2026-04-07 09:17:11,147 INFO o.a.j.g.u.JMeterMenuBar: setRunning(false, *local*)
2026-04-07 09:17:26,357 INFO o.a.j.e.StandardJMeterEngine: Running the test!
2026-04-07 09:17:26,358 INFO o.a.j.s.SampleEvent: List of sample_variables: []
2026-04-07 09:17:26,359 INFO o.a.j.g.u.JMeterMenuBar: setRunning(true, *local*)
2026-04-07 09:17:26,414 INFO o.a.j.e.StandardJMeterEngine: Starting ThreadGroup: 1 : Thread Group
2026-04-07 09:17:26,414 INFO o.a.j.e.StandardJMeterEngine: Starting 10 threads for group Thread Group.
2026-04-07 09:17:26,414 INFO o.a.j.e.StandardJMeterEngine: Thread will continue on error
2026-04-07 09:17:26,414 INFO o.a.j.t.ThreadGroup: Starting thread group... number=1 threads=10 ramp-up=1 delayedStart=false
2026-04-07 09:17:26,418 INFO o.a.j.t.ThreadGroup: Started thread group number 1
2026-04-07 09:17:26,418 INFO o.a.j.e.StandardJMeterEngine: All thread groups have been started
2026-04-07 09:17:26,421 INFO o.a.j.t.JMeterThread: Thread started: Thread Group 1-1
2026-04-07 09:17:26,522 INFO o.a.j.t.JMeterThread: Thread started: Thread Group 1-2
2026-04-07 09:17:26,623 INFO o.a.j.t.JMeterThread: Thread started: Thread Group 1-3
2026-04-07 09:17:26,717 INFO o.a.j.t.JMeterThread: Thread started: Thread Group 1-4
2026-04-07 09:17:26,816 INFO o.a.j.t.JMeterThread: Thread started: Thread Group 1-5
2026-04-07 09:17:26,915 INFO o.a.j.t.JMeterThread: Thread started: Thread Group 1-6
2026-04-07 09:17:27,016 INFO o.a.j.t.JMeterThread: Thread started: Thread Group 1-7
2026-04-07 09:17:27,116 INFO o.a.j.t.JMeterThread: Thread started: Thread Group 1-8
2026-04-07 09:17:27,216 INFO o.a.j.t.JMeterThread: Thread started: Thread Group 1-9
2026-04-07 09:17:27,316 INFO o.a.j.t.JMeterThread: Thread started: Thread Group 1-10
2026-04-07 09:17:34,204 INFO o.a.j.t.JMeterThread: Thread is done: Thread Group 1-1
2026-04-07 09:17:34,204 INFO o.a.j.t.JMeterThread: Thread finished: Thread Group 1-1
2026-04-07 09:17:35,161 INFO o.a.j.t.JMeterThread: Thread is done: Thread Group 1-2
2026-04-07 09:17:35,161 INFO o.a.j.t.JMeterThread: Thread finished: Thread Group 1-2
2026-04-07 09:17:35,994 INFO o.a.j.t.JMeterThread: Thread is done: Thread Group 1-4
2026-04-07 09:17:35,995 INFO o.a.j.t.JMeterThread: Thread finished: Thread Group 1-4
2026-04-07 09:17:35,997 INFO o.a.j.t.JMeterThread: Thread is done: Thread Group 1-3
2026-04-07 09:17:35,998 INFO o.a.j.t.JMeterThread: Thread finished: Thread Group 1-3
2026-04-07 09:17:36,628 INFO o.a.j.t.JMeterThread: Thread is done: Thread Group 1-5
2026-04-07 09:17:36,629 INFO o.a.j.t.JMeterThread: Thread finished: Thread Group 1-5
2026-04-07 09:17:36,631 INFO o.a.j.t.JMeterThread: Thread is done: Thread Group 1-6
2026-04-07 09:17:36,631 INFO o.a.j.t.JMeterThread: Thread finished: Thread Group 1-6
2026-04-07 09:17:36,632 INFO o.a.j.t.JMeterThread: Thread is done: Thread Group 1-7
2026-04-07 09:17:36,632 INFO o.a.j.t.JMeterThread: Thread finished: Thread Group 1-7
2026-04-07 09:17:36,634 INFO o.a.j.t.JMeterThread: Thread is done: Thread Group 1-8
2026-04-07 09:17:36,634 INFO o.a.j.t.JMeterThread: Thread finished: Thread Group 1-8
2026-04-07 09:17:36,851 INFO o.a.j.t.JMeterThread: Thread is done: Thread Group 1-9
2026-04-07 09:17:36,852 INFO o.a.j.t.JMeterThread: Thread finished: Thread Group 1-9
2026-04-07 09:17:36,852 INFO o.a.j.t.JMeterThread: Thread is done: Thread Group 1-10
2026-04-07 09:17:36,852 INFO o.a.j.t.JMeterThread: Thread finished: Thread Group 1-10
2026-04-07 09:17:36,853 INFO o.a.j.e.StandardJMeterEngine: Notifying test listeners of end of test
2026-04-07 09:17:36,853 INFO o.a.j.g.u.JMeterMenuBar: setRunning(false, *local*)
2026-04-07 09:20:33,589 INFO o.a.j.e.StandardJMeterEngine: Running the test!
2026-04-07 09:20:33,589 INFO o.a.j.s.SampleEvent: List of sample_variables: []
2026-04-07 09:20:33,590 INFO o.a.j.g.u.JMeterMenuBar: setRunning(true, *local*)
2026-04-07 09:20:33,642 INFO o.a.j.e.StandardJMeterEngine: Starting ThreadGroup: 1 : Thread Group
2026-04-07 09:20:33,642 INFO o.a.j.e.StandardJMeterEngine: Starting 10 threads for group Thread Group.
2026-04-07 09:20:33,643 INFO o.a.j.e.StandardJMeterEngine: Thread will continue on error
2026-04-07 09:20:33,643 INFO o.a.j.t.ThreadGroup: Starting thread group... number=1 threads=10 ramp-up=1 delayedStart=false
2026-04-07 09:20:33,644 INFO o.a.j.t.JMeterThread: Thread started: Thread Group 1-1
2026-04-07 09:20:33,645 INFO o.a.j.t.ThreadGroup: Started thread group number 1
2026-04-07 09:20:33,645 INFO o.a.j.e.StandardJMeterEngine: All thread groups have been started
2026-04-07 09:20:33,750 INFO o.a.j.t.JMeterThread: Thread started: Thread Group 1-2
2026-04-07 09:20:33,862 INFO o.a.j.t.JMeterThread: Thread started: Thread Group 1-3
2026-04-07 09:20:33,946 INFO o.a.j.t.JMeterThread: Thread started: Thread Group 1-4
2026-04-07 09:20:34,047 INFO o.a.j.t.JMeterThread: Thread started: Thread Group 1-5
2026-04-07 09:20:34,149 INFO o.a.j.t.JMeterThread: Thread started: Thread Group 1-6
2026-04-07 09:20:34,248 INFO o.a.j.t.JMeterThread: Thread started: Thread Group 1-7
2026-04-07 09:20:34,347 INFO o.a.j.t.JMeterThread: Thread started: Thread Group 1-8
2026-04-07 09:20:34,448 INFO o.a.j.t.JMeterThread: Thread started: Thread Group 1-9
2026-04-07 09:20:34,549 INFO o.a.j.t.JMeterThread: Thread started: Thread Group 1-10
2026-04-07 09:20:41,649 INFO o.a.j.t.JMeterThread: Thread is done: Thread Group 1-1
2026-04-07 09:20:41,650 INFO o.a.j.t.JMeterThread: Thread finished: Thread Group 1-1
2026-04-07 09:20:42,576 INFO o.a.j.t.JMeterThread: Thread is done: Thread Group 1-2
2026-04-07 09:20:42,576 INFO o.a.j.t.JMeterThread: Thread finished: Thread Group 1-2
2026-04-07 09:20:43,405 INFO o.a.j.t.JMeterThread: Thread is done: Thread Group 1-4
2026-04-07 09:20:43,405 INFO o.a.j.t.JMeterThread: Thread finished: Thread Group 1-4
2026-04-07 09:20:43,408 INFO o.a.j.t.JMeterThread: Thread is done: Thread Group 1-3
2026-04-07 09:20:43,409 INFO o.a.j.t.JMeterThread: Thread finished: Thread Group 1-3
2026-04-07 09:20:44,026 INFO o.a.j.t.JMeterThread: Thread is done: Thread Group 1-6
2026-04-07 09:20:44,027 INFO o.a.j.t.JMeterThread: Thread finished: Thread Group 1-6
2026-04-07 09:20:44,028 INFO o.a.j.t.JMeterThread: Thread is done: Thread Group 1-7
2026-04-07 09:20:44,028 INFO o.a.j.t.JMeterThread: Thread finished: Thread Group 1-7
2026-04-07 09:20:44,029 INFO o.a.j.t.JMeterThread: Thread is done: Thread Group 1-8
2026-04-07 09:20:44,029 INFO o.a.j.t.JMeterThread: Thread finished: Thread Group 1-8
2026-04-07 09:20:44,030 INFO o.a.j.t.JMeterThread: Thread is done: Thread Group 1-10
2026-04-07 09:20:44,030 INFO o.a.j.t.JMeterThread: Thread finished: Thread Group 1-10
2026-04-07 09:20:44,034 INFO o.a.j.t.JMeterThread: Thread is done: Thread Group 1-9
2026-04-07 09:20:44,034 INFO o.a.j.t.JMeterThread: Thread finished: Thread Group 1-9
2026-04-07 09:20:44,035 INFO o.a.j.t.JMeterThread: Thread is done: Thread Group 1-5
2026-04-07 09:20:44,035 INFO o.a.j.t.JMeterThread: Thread finished: Thread Group 1-5
2026-04-07 09:20:44,035 INFO o.a.j.e.StandardJMeterEngine: Notifying test listeners of end of test
2026-04-07 09:20:44,036 INFO o.a.j.g.u.JMeterMenuBar: setRunning(false, *local*)
2026-04-07 09:21:00,186 INFO o.a.j.e.StandardJMeterEngine: Running the test!
2026-04-07 09:21:00,187 INFO o.a.j.s.SampleEvent: List of sample_variables: []
2026-04-07 09:21:00,188 INFO o.a.j.g.u.JMeterMenuBar: setRunning(true, *local*)
2026-04-07 09:21:00,303 INFO o.a.j.e.StandardJMeterEngine: Starting ThreadGroup: 1 : Thread Group
2026-04-07 09:21:00,304 INFO o.a.j.e.StandardJMeterEngine: Starting 10 threads for group Thread Group.
2026-04-07 09:21:00,304 INFO o.a.j.e.StandardJMeterEngine: Thread will continue on error
2026-04-07 09:21:00,304 INFO o.a.j.t.ThreadGroup: Starting thread group... number=1 threads=10 ramp-up=1 delayedStart=false
2026-04-07 09:21:00,306 INFO o.a.j.t.ThreadGroup: Started thread group number 1
2026-04-07 09:21:00,307 INFO o.a.j.e.StandardJMeterEngine: All thread groups have been started
2026-04-07 09:21:00,308 INFO o.a.j.t.JMeterThread: Thread started: Thread Group 1-1
2026-04-07 09:21:00,460 INFO o.a.j.t.JMeterThread: Thread started: Thread Group 1-2
2026-04-07 09:21:00,559 INFO o.a.j.t.JMeterThread: Thread started: Thread Group 1-3
2026-04-07 09:21:00,661 INFO o.a.j.t.JMeterThread: Thread started: Thread Group 1-4
2026-04-07 09:21:00,789 INFO o.a.j.t.JMeterThread: Thread started: Thread Group 1-5
2026-04-07 09:21:00,890 INFO o.a.j.t.JMeterThread: Thread started: Thread Group 1-6
2026-04-07 09:21:00,989 INFO o.a.j.t.JMeterThread: Thread started: Thread Group 1-7
2026-04-07 09:21:01,089 INFO o.a.j.t.JMeterThread: Thread started: Thread Group 1-8
2026-04-07 09:21:01,190 INFO o.a.j.t.JMeterThread: Thread started: Thread Group 1-9
2026-04-07 09:21:01,291 INFO o.a.j.t.JMeterThread: Thread started: Thread Group 1-10
2026-04-07 09:21:08,408 INFO o.a.j.t.JMeterThread: Thread is done: Thread Group 1-1
2026-04-07 09:21:08,409 INFO o.a.j.t.JMeterThread: Thread finished: Thread Group 1-1
2026-04-07 09:21:09,231 INFO o.a.j.t.JMeterThread: Thread is done: Thread Group 1-2
2026-04-07 09:21:09,231 INFO o.a.j.t.JMeterThread: Thread finished: Thread Group 1-2
2026-04-07 09:21:10,057 INFO o.a.j.t.JMeterThread: Thread is done: Thread Group 1-4
2026-04-07 09:21:10,058 INFO o.a.j.t.JMeterThread: Thread finished: Thread Group 1-4
2026-04-07 09:21:10,089 INFO o.a.j.t.JMeterThread: Thread is done: Thread Group 1-3
2026-04-07 09:21:10,089 INFO o.a.j.t.JMeterThread: Thread finished: Thread Group 1-3
2026-04-07 09:21:10,201 INFO o.a.j.t.JMeterThread: Thread is done: Thread Group 1-5
2026-04-07 09:21:10,201 INFO o.a.j.t.JMeterThread: Thread finished: Thread Group 1-5
2026-04-07 09:21:10,724 INFO o.a.j.t.JMeterThread: Thread is done: Thread Group 1-6
2026-04-07 09:21:10,725 INFO o.a.j.t.JMeterThread: Thread is done: Thread Group 1-8
2026-04-07 09:21:10,725 INFO o.a.j.t.JMeterThread: Thread finished: Thread Group 1-6
2026-04-07 09:21:10,725 INFO o.a.j.t.JMeterThread: Thread finished: Thread Group 1-8
2026-04-07 09:21:10,725 INFO o.a.j.t.JMeterThread: Thread is done: Thread Group 1-7
2026-04-07 09:21:10,726 INFO o.a.j.t.JMeterThread: Thread finished: Thread Group 1-7
2026-04-07 09:21:10,854 INFO o.a.j.t.JMeterThread: Thread is done: Thread Group 1-9
2026-04-07 09:21:10,854 INFO o.a.j.t.JMeterThread: Thread finished: Thread Group 1-9
2026-04-07 09:21:11,103 INFO o.a.j.t.JMeterThread: Thread is done: Thread Group 1-10
2026-04-07 09:21:11,104 INFO o.a.j.t.JMeterThread: Thread finished: Thread Group 1-10
2026-04-07 09:21:11,104 INFO o.a.j.e.StandardJMeterEngine: Notifying test listeners of end of test
2026-04-07 09:21:11,105 INFO o.a.j.g.u.JMeterMenuBar: setRunning(false, *local*)
2026-04-07 09:24:20,645 INFO o.a.j.e.StandardJMeterEngine: Running the test!
2026-04-07 09:24:20,646 INFO o.a.j.s.SampleEvent: List of sample_variables: []
2026-04-07 09:24:20,647 INFO o.a.j.g.u.JMeterMenuBar: setRunning(true, *local*)
2026-04-07 09:24:20,706 INFO o.a.j.e.StandardJMeterEngine: Starting ThreadGroup: 1 : Thread Group
2026-04-07 09:24:20,707 INFO o.a.j.e.StandardJMeterEngine: Starting 10 threads for group Thread Group.
2026-04-07 09:24:20,707 INFO o.a.j.e.StandardJMeterEngine: Thread will continue on error
2026-04-07 09:24:20,707 INFO o.a.j.t.ThreadGroup: Starting thread group... number=1 threads=10 ramp-up=1 delayedStart=false
2026-04-07 09:24:20,708 INFO o.a.j.t.JMeterThread: Thread started: Thread Group 1-1
2026-04-07 09:24:20,709 INFO o.a.j.t.ThreadGroup: Started thread group number 1
2026-04-07 09:24:20,709 INFO o.a.j.e.StandardJMeterEngine: All thread groups have been started
2026-04-07 09:24:20,816 INFO o.a.j.t.JMeterThread: Thread started: Thread Group 1-2
2026-04-07 09:24:20,913 INFO o.a.j.t.JMeterThread: Thread started: Thread Group 1-3
2026-04-07 09:24:21,012 INFO o.a.j.t.JMeterThread: Thread started: Thread Group 1-4
2026-04-07 09:24:21,113 INFO o.a.j.t.JMeterThread: Thread started: Thread Group 1-5
2026-04-07 09:24:21,212 INFO o.a.j.t.JMeterThread: Thread started: Thread Group 1-6
2026-04-07 09:24:21,313 INFO o.a.j.t.JMeterThread: Thread started: Thread Group 1-7
2026-04-07 09:24:21,414 INFO o.a.j.t.JMeterThread: Thread started: Thread Group 1-8
2026-04-07 09:24:21,512 INFO o.a.j.t.JMeterThread: Thread started: Thread Group 1-9
2026-04-07 09:24:21,612 INFO o.a.j.t.JMeterThread: Thread started: Thread Group 1-10
2026-04-07 09:24:30,621 INFO o.a.j.t.JMeterThread: Thread is done: Thread Group 1-2
2026-04-07 09:24:30,621 INFO o.a.j.t.JMeterThread: Thread finished: Thread Group 1-2
2026-04-07 09:24:30,977 INFO o.a.j.t.JMeterThread: Thread is done: Thread Group 1-1
2026-04-07 09:24:30,977 INFO o.a.j.t.JMeterThread: Thread finished: Thread Group 1-1
2026-04-07 09:24:31,306 INFO o.a.j.t.JMeterThread: Thread is done: Thread Group 1-8
2026-04-07 09:24:31,306 INFO o.a.j.t.JMeterThread: Thread finished: Thread Group 1-8
2026-04-07 09:24:31,327 INFO o.a.j.t.JMeterThread: Thread is done: Thread Group 1-4
2026-04-07 09:24:31,327 INFO o.a.j.t.JMeterThread: Thread finished: Thread Group 1-4
2026-04-07 09:24:31,549 INFO o.a.j.t.JMeterThread: Thread is done: Thread Group 1-9
2026-04-07 09:24:31,550 INFO o.a.j.t.JMeterThread: Thread finished: Thread Group 1-9
2026-04-07 09:24:31,796 INFO o.a.j.t.JMeterThread: Thread is done: Thread Group 1-10
2026-04-07 09:24:31,796 INFO o.a.j.t.JMeterThread: Thread finished: Thread Group 1-10
2026-04-07 09:24:31,800 INFO o.a.j.t.JMeterThread: Thread is done: Thread Group 1-5
2026-04-07 09:24:31,801 INFO o.a.j.t.JMeterThread: Thread finished: Thread Group 1-5
2026-04-07 09:24:31,855 INFO o.a.j.t.JMeterThread: Thread is done: Thread Group 1-7
2026-04-07 09:24:31,855 INFO o.a.j.t.JMeterThread: Thread finished: Thread Group 1-7
2026-04-07 09:24:32,401 INFO o.a.j.t.JMeterThread: Thread is done: Thread Group 1-6
2026-04-07 09:24:32,401 INFO o.a.j.t.JMeterThread: Thread finished: Thread Group 1-6
2026-04-07 09:25:46,891 INFO o.a.j.t.JMeterThread: Thread is done: Thread Group 1-3
2026-04-07 09:25:46,891 INFO o.a.j.t.JMeterThread: Thread finished: Thread Group 1-3
2026-04-07 09:25:46,891 INFO o.a.j.e.StandardJMeterEngine: Notifying test listeners of end of test
2026-04-07 09:25:46,892 INFO o.a.j.g.u.JMeterMenuBar: setRunning(false, *local*)
